android-project/app/build/intermediates/manifest_merge_blame_file/release/manifest-merger-blame-release-report.txt
1<?xml version="1.0" encoding="utf-8"?>
2<manifest xmlns:android="http://schemas.android.com/apk/res/android"
3    package="codepath.demos.helloworlddemo"
4    android:versionCode="1"
5    android:versionName="1.0" >
6
7    <uses-sdk
8        android:minSdkVersion="21"
8-->src/main/AndroidManifest.xml
9        android:targetSdkVersion="30" />
9-->src/main/AndroidManifest.xml
10
11    <application
11-->src/main/AndroidManifest.xml:7:5-21:19
12        android:allowBackup="true"
12-->src/main/AndroidManifest.xml:8:9-35
13        android:icon="@drawable/ic_launcher"
13-->src/main/AndroidManifest.xml:9:9-45
14        android:label="@string/app_name"
14-->src/main/AndroidManifest.xml:10:9-41
15        android:theme="@style/AppTheme" >
15-->src/main/AndroidManifest.xml:11:9-40
16        <activity
16-->src/main/AndroidManifest.xml:12:9-20:20
17            android:name="codepath.demos.helloworlddemo.HelloWorldActivity"
17-->src/main/AndroidManifest.xml:13:13-76
18            android:label="@string/app_name" >
18-->src/main/AndroidManifest.xml:14:13-45
19            <intent-filter>
19-->src/main/AndroidManifest.xml:15:13-19:29
20                <action android:name="android.intent.action.MAIN" />
20-->src/main/AndroidManifest.xml:16:17-69
20-->src/main/AndroidManifest.xml:16:25-66
21
22                <category android:name="android.intent.category.LAUNCHER" />
22-->src/main/AndroidManifest.xml:18:17-77
22-->src/main/AndroidManifest.xml:18:27-74
23            </intent-filter>
24        </activity>
25    </application>
26
27</manifest>